  [4;36;1mSQL (0.7ms)[0m   [0;1mSET NAMES 'utf8'[0m
  [4;35;1mSQL (0.7ms)[0m   [0mSET SQL_AUTO_IS_NULL=0[0m
  [4;36;1mSQL (1.0ms)[0m   [0;1mSHOW TABLES[0m
  [4;35;1mSQL (15.4ms)[0m   [0mCREATE TABLE `schema_migrations` (`version` varchar(255) NOT NULL) ENGINE=InnoDB[0m
  [4;36;1mSQL (8.9ms)[0m   [0;1mCREATE UNIQUE INDEX `unique_schema_migrations` ON `schema_migrations` (`version`)[0m
  [4;35;1mSQL (0.6ms)[0m   [0mSHOW TABLES[0m
  [4;36;1mSQL (0.9ms)[0m   [0;1mSHOW TABLES[0m
  [4;35;1mSQL (1.0ms)[0m   [0mSELECT version FROM schema_migrations[0m
  [4;36;1mSQL (0.6ms)[0m   [0;1mSHOW TABLES[0m
  [4;36;1mSQL (0.6ms)[0m   [0;1mSET NAMES 'utf8'[0m
  [4;35;1mSQL (0.8ms)[0m   [0mSET SQL_AUTO_IS_NULL=0[0m


Processing ApplicationController#new (for 127.0.0.1 at 2010-03-31 13:35:13) [GET]
  Parameters: {"action"=>"new", "controller"=>"user_sessions"}

NameError (uninitialized constant UserSessionsController):
  /home/blatyo/.rvm/rubies/ruby-1.8.7-p249/lib/ruby/1.8/webrick/httpserver.rb:104:in `service'
  /home/blatyo/.rvm/rubies/ruby-1.8.7-p249/lib/ruby/1.8/webrick/httpserver.rb:65:in `run'
  /home/blatyo/.rvm/rubies/ruby-1.8.7-p249/lib/ruby/1.8/webrick/server.rb:173:in `start_thread'
  /home/blatyo/.rvm/rubies/ruby-1.8.7-p249/lib/ruby/1.8/webrick/server.rb:162:in `start'
  /home/blatyo/.rvm/rubies/ruby-1.8.7-p249/lib/ruby/1.8/webrick/server.rb:162:in `start_thread'
  /home/blatyo/.rvm/rubies/ruby-1.8.7-p249/lib/ruby/1.8/webrick/server.rb:95:in `start'
  /home/blatyo/.rvm/rubies/ruby-1.8.7-p249/lib/ruby/1.8/webrick/server.rb:92:in `each'
  /home/blatyo/.rvm/rubies/ruby-1.8.7-p249/lib/ruby/1.8/webrick/server.rb:92:in `start'
  /home/blatyo/.rvm/rubies/ruby-1.8.7-p249/lib/ruby/1.8/webrick/server.rb:23:in `start'
  /home/blatyo/.rvm/rubies/ruby-1.8.7-p249/lib/ruby/1.8/webrick/server.rb:82:in `start'

Rendered rescues/_trace (39.5ms)
Rendered rescues/_request_and_response (2.8ms)
Rendering rescues/layout (internal_server_error)
  [4;36;1mSQL (0.6ms)[0m   [0;1mSET NAMES 'utf8'[0m
  [4;35;1mSQL (0.4ms)[0m   [0mSET SQL_AUTO_IS_NULL=0[0m
  [4;36;1mSQL (1.2ms)[0m   [0;1mSHOW TABLES[0m
  [4;35;1mSQL (0.6ms)[0m   [0mSELECT version FROM schema_migrations[0m
Migrating to CreateUsers (20100331170715)
  [4;36;1mSQL (8.4ms)[0m   [0;1mCREATE TABLE `users` (`id` int(11) DEFAULT NULL auto_increment PRIMARY KEY, `login` varchar(255) NOT NULL, `email` varchar(255) NOT NULL, `crypted_password` varchar(255) NOT NULL, `password_salt` varchar(255) NOT NULL, `persistence_token` varchar(255) NOT NULL, `single_access_token` varchar(255) NOT NULL, `perishable_token` varchar(255) NOT NULL, `login_count` int(11) DEFAULT 0 NOT NULL, `failed_login_count` int(11) DEFAULT 0 NOT NULL, `last_request_at` datetime, `current_login_at` datetime, `last_login_at` datetime, `current_login_ip` varchar(255), `last_login_ip` varchar(255), `created_at` datetime, `updated_at` datetime) ENGINE=InnoDB[0m
  [4;35;1mSQL (1.7ms)[0m   [0mINSERT INTO schema_migrations (version) VALUES ('20100331170715')[0m
  [4;36;1mSQL (0.7ms)[0m   [0;1mSHOW TABLES[0m
  [4;35;1mSQL (0.8ms)[0m   [0mSELECT version FROM schema_migrations[0m
  [4;36;1mSQL (0.7ms)[0m   [0;1mSHOW TABLES[0m
  [4;35;1mSQL (5.2ms)[0m   [0mSHOW FIELDS FROM `users`[0m
  [4;36;1mSQL (4.0ms)[0m   [0;1mdescribe `users`[0m
  [4;35;1mSQL (1.8ms)[0m   [0mSHOW KEYS FROM `users`[0m
  [4;36;1mSQL (0.9ms)[0m   [0;1mSET NAMES 'utf8'[0m
  [4;35;1mSQL (0.5ms)[0m   [0mSET SQL_AUTO_IS_NULL=0[0m


Processing ApplicationController#new (for 127.0.0.1 at 2010-03-31 13:38:44) [GET]
  Parameters: {"action"=>"new", "controller"=>"user_sessions"}

NameError (uninitialized constant UserSessionsController):
  /home/blatyo/.rvm/rubies/ruby-1.8.7-p249/lib/ruby/1.8/webrick/httpserver.rb:104:in `service'
  /home/blatyo/.rvm/rubies/ruby-1.8.7-p249/lib/ruby/1.8/webrick/httpserver.rb:65:in `run'
  /home/blatyo/.rvm/rubies/ruby-1.8.7-p249/lib/ruby/1.8/webrick/server.rb:173:in `start_thread'
  /home/blatyo/.rvm/rubies/ruby-1.8.7-p249/lib/ruby/1.8/webrick/server.rb:162:in `start'
  /home/blatyo/.rvm/rubies/ruby-1.8.7-p249/lib/ruby/1.8/webrick/server.rb:162:in `start_thread'
  /home/blatyo/.rvm/rubies/ruby-1.8.7-p249/lib/ruby/1.8/webrick/server.rb:95:in `start'
  /home/blatyo/.rvm/rubies/ruby-1.8.7-p249/lib/ruby/1.8/webrick/server.rb:92:in `each'
  /home/blatyo/.rvm/rubies/ruby-1.8.7-p249/lib/ruby/1.8/webrick/server.rb:92:in `start'
  /home/blatyo/.rvm/rubies/ruby-1.8.7-p249/lib/ruby/1.8/webrick/server.rb:23:in `start'
  /home/blatyo/.rvm/rubies/ruby-1.8.7-p249/lib/ruby/1.8/webrick/server.rb:82:in `start'

Rendered rescues/_trace (39.4ms)
Rendered rescues/_request_and_response (1.5ms)
Rendering rescues/layout (internal_server_error)
  [4;36;1mSQL (0.4ms)[0m   [0;1mSET NAMES 'utf8'[0m
  [4;35;1mSQL (0.4ms)[0m   [0mSET SQL_AUTO_IS_NULL=0[0m


Processing ApplicationController#new (for 127.0.0.1 at 2010-03-31 13:39:38) [GET]
  Parameters: {"action"=>"new", "controller"=>"user_sessions"}

NameError (uninitialized constant UserSessionsController):
  /home/blatyo/.rvm/rubies/ruby-1.8.7-p249/lib/ruby/1.8/webrick/httpserver.rb:104:in `service'
  /home/blatyo/.rvm/rubies/ruby-1.8.7-p249/lib/ruby/1.8/webrick/httpserver.rb:65:in `run'
  /home/blatyo/.rvm/rubies/ruby-1.8.7-p249/lib/ruby/1.8/webrick/server.rb:173:in `start_thread'
  /home/blatyo/.rvm/rubies/ruby-1.8.7-p249/lib/ruby/1.8/webrick/server.rb:162:in `start'
  /home/blatyo/.rvm/rubies/ruby-1.8.7-p249/lib/ruby/1.8/webrick/server.rb:162:in `start_thread'
  /home/blatyo/.rvm/rubies/ruby-1.8.7-p249/lib/ruby/1.8/webrick/server.rb:95:in `start'
  /home/blatyo/.rvm/rubies/ruby-1.8.7-p249/lib/ruby/1.8/webrick/server.rb:92:in `each'
  /home/blatyo/.rvm/rubies/ruby-1.8.7-p249/lib/ruby/1.8/webrick/server.rb:92:in `start'
  /home/blatyo/.rvm/rubies/ruby-1.8.7-p249/lib/ruby/1.8/webrick/server.rb:23:in `start'
  /home/blatyo/.rvm/rubies/ruby-1.8.7-p249/lib/ruby/1.8/webrick/server.rb:82:in `start'

Rendered rescues/_trace (193.5ms)
Rendered rescues/_request_and_response (0.8ms)
Rendering rescues/layout (internal_server_error)
  [4;36;1mSQL (0.5ms)[0m   [0;1mSET NAMES 'utf8'[0m
  [4;35;1mSQL (1.7ms)[0m   [0mSET SQL_AUTO_IS_NULL=0[0m


Processing UserSessionsController#new (for 127.0.0.1 at 2010-03-31 13:42:08) [GET]
  Parameters: {"action"=>"new", "controller"=>"user_sessions"}

NoMethodError (undefined method `require_no_user' for #<UserSessionsController:0xb732d8b0>):
  /home/blatyo/.rvm/rubies/ruby-1.8.7-p249/lib/ruby/1.8/webrick/httpserver.rb:104:in `service'
  /home/blatyo/.rvm/rubies/ruby-1.8.7-p249/lib/ruby/1.8/webrick/httpserver.rb:65:in `run'
  /home/blatyo/.rvm/rubies/ruby-1.8.7-p249/lib/ruby/1.8/webrick/server.rb:173:in `start_thread'
  /home/blatyo/.rvm/rubies/ruby-1.8.7-p249/lib/ruby/1.8/webrick/server.rb:162:in `start'
  /home/blatyo/.rvm/rubies/ruby-1.8.7-p249/lib/ruby/1.8/webrick/server.rb:162:in `start_thread'
  /home/blatyo/.rvm/rubies/ruby-1.8.7-p249/lib/ruby/1.8/webrick/server.rb:95:in `start'
  /home/blatyo/.rvm/rubies/ruby-1.8.7-p249/lib/ruby/1.8/webrick/server.rb:92:in `each'
  /home/blatyo/.rvm/rubies/ruby-1.8.7-p249/lib/ruby/1.8/webrick/server.rb:92:in `start'
  /home/blatyo/.rvm/rubies/ruby-1.8.7-p249/lib/ruby/1.8/webrick/server.rb:23:in `start'
  /home/blatyo/.rvm/rubies/ruby-1.8.7-p249/lib/ruby/1.8/webrick/server.rb:82:in `start'

Rendered rescues/_trace (45.7ms)
Rendered rescues/_request_and_response (0.3ms)
Rendering rescues/layout (internal_server_error)
  [4;36;1mSQL (0.9ms)[0m   [0;1mSET NAMES 'utf8'[0m
  [4;35;1mSQL (1.8ms)[0m   [0mSET SQL_AUTO_IS_NULL=0[0m


Processing UserSessionsController#new (for 127.0.0.1 at 2010-03-31 13:43:04) [GET]
  Parameters: {"action"=>"new", "controller"=>"user_sessions"}

NoMethodError (undefined method `require_no_user' for #<UserSessionsController:0xb71b0b04>):
  /home/blatyo/.rvm/rubies/ruby-1.8.7-p249/lib/ruby/1.8/webrick/httpserver.rb:104:in `service'
  /home/blatyo/.rvm/rubies/ruby-1.8.7-p249/lib/ruby/1.8/webrick/httpserver.rb:65:in `run'
  /home/blatyo/.rvm/rubies/ruby-1.8.7-p249/lib/ruby/1.8/webrick/server.rb:173:in `start_thread'
  /home/blatyo/.rvm/rubies/ruby-1.8.7-p249/lib/ruby/1.8/webrick/server.rb:162:in `start'
  /home/blatyo/.rvm/rubies/ruby-1.8.7-p249/lib/ruby/1.8/webrick/server.rb:162:in `start_thread'
  /home/blatyo/.rvm/rubies/ruby-1.8.7-p249/lib/ruby/1.8/webrick/server.rb:95:in `start'
  /home/blatyo/.rvm/rubies/ruby-1.8.7-p249/lib/ruby/1.8/webrick/server.rb:92:in `each'
  /home/blatyo/.rvm/rubies/ruby-1.8.7-p249/lib/ruby/1.8/webrick/server.rb:92:in `start'
  /home/blatyo/.rvm/rubies/ruby-1.8.7-p249/lib/ruby/1.8/webrick/server.rb:23:in `start'
  /home/blatyo/.rvm/rubies/ruby-1.8.7-p249/lib/ruby/1.8/webrick/server.rb:82:in `start'

Rendered rescues/_trace (51.5ms)
Rendered rescues/_request_and_response (0.9ms)
Rendering rescues/layout (internal_server_error)
  [4;36;1mSQL (2.3ms)[0m   [0;1mSET NAMES 'utf8'[0m
  [4;35;1mSQL (0.4ms)[0m   [0mSET SQL_AUTO_IS_NULL=0[0m


Processing UserSessionsController#new (for 127.0.0.1 at 2010-03-31 13:46:43) [GET]
  Parameters: {"action"=>"new", "controller"=>"user_sessions"}
  [4;36;1mUser Columns (5.8ms)[0m   [0;1mSHOW FIELDS FROM `users`[0m

ActionView::MissingTemplate (Missing template user_sessions/new.erb in view path app/views):
  /home/blatyo/.rvm/rubies/ruby-1.8.7-p249/lib/ruby/1.8/webrick/httpserver.rb:104:in `service'
  /home/blatyo/.rvm/rubies/ruby-1.8.7-p249/lib/ruby/1.8/webrick/httpserver.rb:65:in `run'
  /home/blatyo/.rvm/rubies/ruby-1.8.7-p249/lib/ruby/1.8/webrick/server.rb:173:in `start_thread'
  /home/blatyo/.rvm/rubies/ruby-1.8.7-p249/lib/ruby/1.8/webrick/server.rb:162:in `start'
  /home/blatyo/.rvm/rubies/ruby-1.8.7-p249/lib/ruby/1.8/webrick/server.rb:162:in `start_thread'
  /home/blatyo/.rvm/rubies/ruby-1.8.7-p249/lib/ruby/1.8/webrick/server.rb:95:in `start'
  /home/blatyo/.rvm/rubies/ruby-1.8.7-p249/lib/ruby/1.8/webrick/server.rb:92:in `each'
  /home/blatyo/.rvm/rubies/ruby-1.8.7-p249/lib/ruby/1.8/webrick/server.rb:92:in `start'
  /home/blatyo/.rvm/rubies/ruby-1.8.7-p249/lib/ruby/1.8/webrick/server.rb:23:in `start'
  /home/blatyo/.rvm/rubies/ruby-1.8.7-p249/lib/ruby/1.8/webrick/server.rb:82:in `start'

Rendering rescues/layout (internal_server_error)
  [4;35;1mSQL (0.4ms)[0m   [0mSET NAMES 'utf8'[0m
  [4;36;1mSQL (0.4ms)[0m   [0;1mSET SQL_AUTO_IS_NULL=0[0m


Processing UserSessionsController#new (for 127.0.0.1 at 2010-03-31 13:47:23) [GET]
  Parameters: {"action"=>"new", "controller"=>"user_sessions"}
  [4;35;1mUser Columns (3.3ms)[0m   [0mSHOW FIELDS FROM `users`[0m
Rendering user_sessions/new
Completed in 996ms (View: 663, DB: 4) | 200 OK [http://localhost/]
  [4;36;1mSQL (0.4ms)[0m   [0;1mSET NAMES 'utf8'[0m
  [4;35;1mSQL (0.4ms)[0m   [0mSET SQL_AUTO_IS_NULL=0[0m


Processing ApplicationController#index (for 127.0.0.1 at 2010-03-31 13:47:40) [GET]

ActionController::RoutingError (No route matches "/register" with {:method=>:get}):
  /home/blatyo/.rvm/rubies/ruby-1.8.7-p249/lib/ruby/1.8/webrick/httpserver.rb:104:in `service'
  /home/blatyo/.rvm/rubies/ruby-1.8.7-p249/lib/ruby/1.8/webrick/httpserver.rb:65:in `run'
  /home/blatyo/.rvm/rubies/ruby-1.8.7-p249/lib/ruby/1.8/webrick/server.rb:173:in `start_thread'
  /home/blatyo/.rvm/rubies/ruby-1.8.7-p249/lib/ruby/1.8/webrick/server.rb:162:in `start'
  /home/blatyo/.rvm/rubies/ruby-1.8.7-p249/lib/ruby/1.8/webrick/server.rb:162:in `start_thread'
  /home/blatyo/.rvm/rubies/ruby-1.8.7-p249/lib/ruby/1.8/webrick/server.rb:95:in `start'
  /home/blatyo/.rvm/rubies/ruby-1.8.7-p249/lib/ruby/1.8/webrick/server.rb:92:in `each'
  /home/blatyo/.rvm/rubies/ruby-1.8.7-p249/lib/ruby/1.8/webrick/server.rb:92:in `start'
  /home/blatyo/.rvm/rubies/ruby-1.8.7-p249/lib/ruby/1.8/webrick/server.rb:23:in `start'
  /home/blatyo/.rvm/rubies/ruby-1.8.7-p249/lib/ruby/1.8/webrick/server.rb:82:in `start'

Rendering rescues/layout (not_found)
  [4;36;1mSQL (0.7ms)[0m   [0;1mSET NAMES 'utf8'[0m
  [4;35;1mSQL (0.4ms)[0m   [0mSET SQL_AUTO_IS_NULL=0[0m


Processing ApplicationController#index (for 127.0.0.1 at 2010-03-31 13:47:49) [GET]

ActionController::RoutingError (No route matches "/account/create" with {:method=>:get}):
  /home/blatyo/.rvm/rubies/ruby-1.8.7-p249/lib/ruby/1.8/webrick/httpserver.rb:104:in `service'
  /home/blatyo/.rvm/rubies/ruby-1.8.7-p249/lib/ruby/1.8/webrick/httpserver.rb:65:in `run'
  /home/blatyo/.rvm/rubies/ruby-1.8.7-p249/lib/ruby/1.8/webrick/server.rb:173:in `start_thread'
  /home/blatyo/.rvm/rubies/ruby-1.8.7-p249/lib/ruby/1.8/webrick/server.rb:162:in `start'
  /home/blatyo/.rvm/rubies/ruby-1.8.7-p249/lib/ruby/1.8/webrick/server.rb:162:in `start_thread'
  /home/blatyo/.rvm/rubies/ruby-1.8.7-p249/lib/ruby/1.8/webrick/server.rb:95:in `start'
  /home/blatyo/.rvm/rubies/ruby-1.8.7-p249/lib/ruby/1.8/webrick/server.rb:92:in `each'
  /home/blatyo/.rvm/rubies/ruby-1.8.7-p249/lib/ruby/1.8/webrick/server.rb:92:in `start'
  /home/blatyo/.rvm/rubies/ruby-1.8.7-p249/lib/ruby/1.8/webrick/server.rb:23:in `start'
  /home/blatyo/.rvm/rubies/ruby-1.8.7-p249/lib/ruby/1.8/webrick/server.rb:82:in `start'

Rendering rescues/layout (not_found)
  [4;36;1mSQL (0.4ms)[0m   [0;1mSET NAMES 'utf8'[0m
  [4;35;1mSQL (0.8ms)[0m   [0mSET SQL_AUTO_IS_NULL=0[0m


Processing UsersController#new (for 127.0.0.1 at 2010-03-31 13:48:12) [GET]
  Parameters: {"action"=>"new", "controller"=>"users"}
  [4;36;1mUser Columns (3.9ms)[0m   [0;1mSHOW FIELDS FROM `users`[0m
Rendering users/new

ActionView::TemplateError (undefined method `password' for #<User:0xb75fa7b4>) on line #5 of app/views/users/_form.erb:
2: <%= form.text_field :login %><br />
3: <br />
4: <%= form.label :password, form.object.new_record? ? nil : "Change password" %><br />
5: <%= form.password_field :password %><br />
6: <br />
7: <%= form.label :password_confirmation %><br />
8: <%= form.password_field :password_confirmation %><br />

    app/views/users/_form.erb:5
    app/views/users/new.html.erb:5
    app/views/users/new.html.erb:3
    /home/blatyo/.rvm/rubies/ruby-1.8.7-p249/lib/ruby/1.8/webrick/httpserver.rb:104:in `service'
    /home/blatyo/.rvm/rubies/ruby-1.8.7-p249/lib/ruby/1.8/webrick/httpserver.rb:65:in `run'
    /home/blatyo/.rvm/rubies/ruby-1.8.7-p249/lib/ruby/1.8/webrick/server.rb:173:in `start_thread'
    /home/blatyo/.rvm/rubies/ruby-1.8.7-p249/lib/ruby/1.8/webrick/server.rb:162:in `start'
    /home/blatyo/.rvm/rubies/ruby-1.8.7-p249/lib/ruby/1.8/webrick/server.rb:162:in `start_thread'
    /home/blatyo/.rvm/rubies/ruby-1.8.7-p249/lib/ruby/1.8/webrick/server.rb:95:in `start'
    /home/blatyo/.rvm/rubies/ruby-1.8.7-p249/lib/ruby/1.8/webrick/server.rb:92:in `each'
    /home/blatyo/.rvm/rubies/ruby-1.8.7-p249/lib/ruby/1.8/webrick/server.rb:92:in `start'
    /home/blatyo/.rvm/rubies/ruby-1.8.7-p249/lib/ruby/1.8/webrick/server.rb:23:in `start'
    /home/blatyo/.rvm/rubies/ruby-1.8.7-p249/lib/ruby/1.8/webrick/server.rb:82:in `start'

Rendered rescues/_trace (66.1ms)
Rendered rescues/_request_and_response (1.7ms)
Rendering rescues/layout (internal_server_error)
  [4;35;1mSQL (0.8ms)[0m   [0mSET NAMES 'utf8'[0m
  [4;36;1mSQL (0.6ms)[0m   [0;1mSET SQL_AUTO_IS_NULL=0[0m


Processing UsersController#new (for 127.0.0.1 at 2010-03-31 13:51:33) [GET]
  Parameters: {"action"=>"new", "controller"=>"users"}
  [4;35;1mUser Columns (2.7ms)[0m   [0mSHOW FIELDS FROM `users`[0m
Rendering users/new
Rendered users/_form (1.7ms)
Completed in 500ms (View: 89, DB: 4) | 200 OK [http://localhost/account/new]
  [4;36;1mSQL (0.5ms)[0m   [0;1mSET NAMES 'utf8'[0m
  [4;35;1mSQL (0.7ms)[0m   [0mSET SQL_AUTO_IS_NULL=0[0m


Processing UsersController#create (for 127.0.0.1 at 2010-03-31 13:51:55) [POST]
  Parameters: {"commit"=>"Register", "action"=>"create", "authenticity_token"=>"MJHuwXpyAnjwkJvzwTMaagKwaz6JieSwdW/p9OilkJU=", "controller"=>"users", "user"=>{"password_confirmation"=>"[FILTERED]", "password"=>"[FILTERED]", "login"=>"blatyo"}}
  [4;36;1mUser Columns (4.3ms)[0m   [0;1mSHOW FIELDS FROM `users`[0m
  [4;35;1mSQL (0.5ms)[0m   [0mBEGIN[0m
  [4;36;1mUser Load (8.3ms)[0m   [0;1mSELECT `users`.id FROM `users` WHERE (LOWER(`users`.`login`) = BINARY 'blatyo') LIMIT 1[0m
  [4;35;1mUser Load (0.9ms)[0m   [0mSELECT `users`.id FROM `users` WHERE (`users`.`persistence_token` = BINARY '8b3e88bc8c6cfcee8125316ff9b0e47a8ac32f7b65c4464beb3e5840d166b19bac97eb76706b563b924a6f3e30d82a9a921196070806831b70c22b4879dc7e16') LIMIT 1[0m
  [4;36;1mUser Load (0.8ms)[0m   [0;1mSELECT `users`.id FROM `users` WHERE (`users`.`single_access_token` = BINARY 'mv1ow7zcxCwWUpt2InZh') LIMIT 1[0m
  [4;35;1mSQL (0.5ms)[0m   [0mROLLBACK[0m
Rendering users/new
Rendered users/_form (1.0ms)
Completed in 259ms (View: 17, DB: 17) | 200 OK [http://localhost/account]
  [4;36;1mSQL (1.4ms)[0m   [0;1mSET NAMES 'utf8'[0m
  [4;35;1mSQL (5.8ms)[0m   [0mSET SQL_AUTO_IS_NULL=0[0m


Processing UsersController#show (for 127.0.0.1 at 2010-03-31 13:52:44) [GET]
  Parameters: {"action"=>"show", "controller"=>"users"}
  [4;36;1mUser Columns (5.6ms)[0m   [0;1mSHOW FIELDS FROM `users`[0m
Redirected to http://localhost:3000/user_session/new
Filter chain halted as [:require_user] rendered_or_redirected.
Completed in 457ms (DB: 13) | 302 Found [http://localhost/account]
  [4;35;1mSQL (0.4ms)[0m   [0mSET NAMES 'utf8'[0m
  [4;36;1mSQL (0.4ms)[0m   [0;1mSET SQL_AUTO_IS_NULL=0[0m


Processing UserSessionsController#new (for 127.0.0.1 at 2010-03-31 13:52:45) [GET]
  Parameters: {"action"=>"new", "controller"=>"user_sessions"}
  [4;35;1mUser Columns (2.7ms)[0m   [0mSHOW FIELDS FROM `users`[0m
Rendering user_sessions/new
Completed in 430ms (View: 65, DB: 3) | 200 OK [http://localhost/user_session/new]
  [4;36;1mSQL (0.8ms)[0m   [0;1mSET NAMES 'utf8'[0m
  [4;35;1mSQL (0.4ms)[0m   [0mSET SQL_AUTO_IS_NULL=0[0m


Processing UsersController#new (for 127.0.0.1 at 2010-03-31 13:53:00) [GET]
  Parameters: {"action"=>"new", "controller"=>"users"}
  [4;36;1mUser Columns (3.0ms)[0m   [0;1mSHOW FIELDS FROM `users`[0m
Rendering users/new
Rendered users/_form (8.7ms)
Completed in 130ms (View: 30, DB: 4) | 200 OK [http://localhost/account/new]
  [4;35;1mSQL (0.4ms)[0m   [0mSET NAMES 'utf8'[0m
  [4;36;1mSQL (0.4ms)[0m   [0;1mSET SQL_AUTO_IS_NULL=0[0m


Processing UsersController#create (for 127.0.0.1 at 2010-03-31 13:53:18) [POST]
  Parameters: {"commit"=>"Register", "action"=>"create", "authenticity_token"=>"MJHuwXpyAnjwkJvzwTMaagKwaz6JieSwdW/p9OilkJU=", "controller"=>"users", "user"=>{"password_confirmation"=>"[FILTERED]", "password"=>"[FILTERED]", "login"=>"blatyo", "email"=>"blatyo@gmail.com"}}
  [4;35;1mUser Columns (3.6ms)[0m   [0mSHOW FIELDS FROM `users`[0m
  [4;36;1mSQL (0.4ms)[0m   [0;1mBEGIN[0m
  [4;35;1mUser Load (3.3ms)[0m   [0mSELECT `users`.id FROM `users` WHERE (LOWER(`users`.`email`) = BINARY 'blatyo@gmail.com') LIMIT 1[0m
  [4;36;1mUser Load (0.7ms)[0m   [0;1mSELECT `users`.id FROM `users` WHERE (LOWER(`users`.`login`) = BINARY 'blatyo') LIMIT 1[0m
  [4;35;1mUser Load (0.7ms)[0m   [0mSELECT `users`.id FROM `users` WHERE (`users`.`persistence_token` = BINARY 'f7d4baab072f5e98d7a90f450851aee17fba690a89e90bea20a83e00973a06932695c7c66ccf5be9c5cb600498dd5a1abf7052ef9672b29e9482e5a3f16e3cb8') LIMIT 1[0m
  [4;36;1mUser Load (0.6ms)[0m   [0;1mSELECT `users`.id FROM `users` WHERE (`users`.`single_access_token` = BINARY 'UqtEgkAWHLn2a0IhB2e5') LIMIT 1[0m
  [4;35;1mUser Create (1.3ms)[0m   [0mINSERT INTO `users` (`single_access_token`, `last_request_at`, `created_at`, `crypted_password`, `perishable_token`, `updated_at`, `failed_login_count`, `current_login_ip`, `password_salt`, `current_login_at`, `persistence_token`, `login_count`, `last_login_ip`, `login`, `last_login_at`, `email`) VALUES('UqtEgkAWHLn2a0IhB2e5', '2010-03-31 17:53:18', '2010-03-31 17:53:18', '4741eb85f06a2a382dcdd0b7288cf757d9bc68df7fba3f0f1cc3ff31e03a922152440a95f5afd8cd89129ecb23058ca6b5b97e683a327f3fb4b831e0518a4f1e', '4artupVJ9VNJLocyHwu7', '2010-03-31 17:53:18', 0, '127.0.0.1', '1IA9_vdrfLlbmuJMSKrf', '2010-03-31 17:53:18', 'f7d4baab072f5e98d7a90f450851aee17fba690a89e90bea20a83e00973a06932695c7c66ccf5be9c5cb600498dd5a1abf7052ef9672b29e9482e5a3f16e3cb8', 1, NULL, 'blatyo', NULL, 'blatyo@gmail.com')[0m
  [4;36;1mSQL (33.1ms)[0m   [0;1mCOMMIT[0m
Redirected to http://localhost:3000/account
Completed in 1120ms (DB: 45) | 302 Found [http://localhost/account]
  [4;35;1mSQL (0.4ms)[0m   [0mSET NAMES 'utf8'[0m
  [4;36;1mSQL (0.3ms)[0m   [0;1mSET SQL_AUTO_IS_NULL=0[0m


Processing UsersController#show (for 127.0.0.1 at 2010-03-31 13:53:19) [GET]
  Parameters: {"action"=>"show", "controller"=>"users"}
  [4;35;1mUser Columns (1.9ms)[0m   [0mSHOW FIELDS FROM `users`[0m
  [4;36;1mUser Load (0.9ms)[0m   [0;1mSELECT * FROM `users` WHERE (`users`.`persistence_token` = 'f7d4baab072f5e98d7a90f450851aee17fba690a89e90bea20a83e00973a06932695c7c66ccf5be9c5cb600498dd5a1abf7052ef9672b29e9482e5a3f16e3cb8') LIMIT 1[0m
  [4;35;1mSQL (2.8ms)[0m   [0mBEGIN[0m
  [4;36;1mUser Update (2.3ms)[0m   [0;1mUPDATE `users` SET `updated_at` = '2010-03-31 17:53:19', `perishable_token` = '1n7DbjP9Kx53JDlzsQpP', `last_request_at` = '2010-03-31 17:53:19' WHERE `id` = 1[0m
  [4;35;1mSQL (1.1ms)[0m   [0mCOMMIT[0m
Rendering users/show
Completed in 203ms (View: 19, DB: 10) | 200 OK [http://localhost/account]
  [4;36;1mSQL (0.5ms)[0m   [0;1mSET NAMES 'utf8'[0m
  [4;35;1mSQL (0.3ms)[0m   [0mSET SQL_AUTO_IS_NULL=0[0m


Processing UsersController#edit (for 127.0.0.1 at 2010-03-31 13:53:24) [GET]
  Parameters: {"action"=>"edit", "controller"=>"users"}
  [4;36;1mUser Columns (3.8ms)[0m   [0;1mSHOW FIELDS FROM `users`[0m
  [4;35;1mUser Load (0.9ms)[0m   [0mSELECT * FROM `users` WHERE (`users`.`persistence_token` = 'f7d4baab072f5e98d7a90f450851aee17fba690a89e90bea20a83e00973a06932695c7c66ccf5be9c5cb600498dd5a1abf7052ef9672b29e9482e5a3f16e3cb8') LIMIT 1[0m
  [4;36;1mSQL (1.0ms)[0m   [0;1mBEGIN[0m
  [4;35;1mUser Update (0.8ms)[0m   [0mUPDATE `users` SET `updated_at` = '2010-03-31 17:53:24', `perishable_token` = '0BVQqJAEILLuD6DvgnuP', `last_request_at` = '2010-03-31 17:53:24' WHERE `id` = 1[0m
  [4;36;1mSQL (2.3ms)[0m   [0;1mCOMMIT[0m
Rendering users/edit
Rendered users/_form (2.3ms)
Completed in 125ms (View: 28, DB: 10) | 200 OK [http://localhost/account/edit]
  [4;35;1mSQL (0.5ms)[0m   [0mSET NAMES 'utf8'[0m
  [4;36;1mSQL (0.4ms)[0m   [0;1mSET SQL_AUTO_IS_NULL=0[0m


Processing UsersController#show (for 127.0.0.1 at 2010-03-31 13:53:31) [GET]
  Parameters: {"action"=>"show", "controller"=>"users"}
  [4;35;1mUser Columns (3.7ms)[0m   [0mSHOW FIELDS FROM `users`[0m
  [4;36;1mUser Load (1.7ms)[0m   [0;1mSELECT * FROM `users` WHERE (`users`.`persistence_token` = 'f7d4baab072f5e98d7a90f450851aee17fba690a89e90bea20a83e00973a06932695c7c66ccf5be9c5cb600498dd5a1abf7052ef9672b29e9482e5a3f16e3cb8') LIMIT 1[0m
  [4;35;1mSQL (0.7ms)[0m   [0mBEGIN[0m
  [4;36;1mUser Update (2.4ms)[0m   [0;1mUPDATE `users` SET `updated_at` = '2010-03-31 17:53:31', `perishable_token` = 'p_N5MTlejXJ48YCgDbFY', `last_request_at` = '2010-03-31 17:53:31' WHERE `id` = 1[0m
  [4;35;1mSQL (2.9ms)[0m   [0mCOMMIT[0m
Rendering users/show
Completed in 119ms (View: 11, DB: 12) | 200 OK [http://localhost/account]
  [4;36;1mSQL (0.7ms)[0m   [0;1mSET NAMES 'utf8'[0m
  [4;35;1mSQL (0.2ms)[0m   [0mSET SQL_AUTO_IS_NULL=0[0m


Processing UserSessionsController#new (for 127.0.0.1 at 2010-03-31 17:14:06) [GET]
  Parameters: {"action"=>"new", "controller"=>"user_sessions"}
  [4;36;1mUser Columns (0.0ms)[0m   [0;1mMysql::Error: Table 'LinkIn_development.users' doesn't exist: SHOW FIELDS FROM `users`[0m
  [4;35;1mUser Columns (0.0ms)[0m   [0mMysql::Error: Table 'LinkIn_development.users' doesn't exist: SHOW FIELDS FROM `users`[0m
  [4;36;1mUser Columns (0.0ms)[0m   [0;1mMysql::Error: Table 'LinkIn_development.users' doesn't exist: SHOW FIELDS FROM `users`[0m
  [4;35;1mUser Columns (0.0ms)[0m   [0mMysql::Error: Table 'LinkIn_development.users' doesn't exist: SHOW FIELDS FROM `users`[0m
  [4;36;1mUser Columns (0.0ms)[0m   [0;1mMysql::Error: Table 'LinkIn_development.users' doesn't exist: SHOW FIELDS FROM `users`[0m
  [4;35;1mUser Columns (0.0ms)[0m   [0mMysql::Error: Table 'LinkIn_development.users' doesn't exist: SHOW FIELDS FROM `users`[0m
  [4;36;1mUser Columns (0.0ms)[0m   [0;1mMysql::Error: Table 'LinkIn_development.users' doesn't exist: SHOW FIELDS FROM `users`[0m
  [4;35;1mUser Columns (0.0ms)[0m   [0mMysql::Error: Table 'LinkIn_development.users' doesn't exist: SHOW FIELDS FROM `users`[0m
  [4;36;1mUser Columns (0.0ms)[0m   [0;1mMysql::Error: Table 'LinkIn_development.users' doesn't exist: SHOW FIELDS FROM `users`[0m
  [4;35;1mUser Columns (0.0ms)[0m   [0mMysql::Error: Table 'LinkIn_development.users' doesn't exist: SHOW FIELDS FROM `users`[0m
  [4;36;1mUser Columns (0.0ms)[0m   [0;1mMysql::Error: Table 'LinkIn_development.users' doesn't exist: SHOW FIELDS FROM `users`[0m
Rendering user_sessions/new
  [4;35;1mUser Columns (0.0ms)[0m   [0mMysql::Error: Table 'LinkIn_development.users' doesn't exist: SHOW FIELDS FROM `users`[0m
  [4;36;1mUser Columns (0.0ms)[0m   [0;1mMysql::Error: Table 'LinkIn_development.users' doesn't exist: SHOW FIELDS FROM `users`[0m

ActionView::TemplateError (undefined method `login' for #<UserSession: no credentials provided>) on line #6 of app/views/user_sessions/new.html.erb:
3: <% form_for @user_session, :url => user_session_path do |f| %>
4:   <%= f.error_messages %>
5:   <%= f.label :login %><br />
6:   <%= f.text_field :login %><br />
7:   <br />
8:   <%= f.label :password %><br />
9:   <%= f.password_field :password %><br />

    app/views/user_sessions/new.html.erb:6
    app/views/user_sessions/new.html.erb:3
    /home/chandni/.rvm/rubies/ruby-1.8.7-p249/lib/ruby/1.8/webrick/httpserver.rb:104:in `service'
    /home/chandni/.rvm/rubies/ruby-1.8.7-p249/lib/ruby/1.8/webrick/httpserver.rb:65:in `run'
    /home/chandni/.rvm/rubies/ruby-1.8.7-p249/lib/ruby/1.8/webrick/server.rb:173:in `start_thread'
    /home/chandni/.rvm/rubies/ruby-1.8.7-p249/lib/ruby/1.8/webrick/server.rb:162:in `start'
    /home/chandni/.rvm/rubies/ruby-1.8.7-p249/lib/ruby/1.8/webrick/server.rb:162:in `start_thread'
    /home/chandni/.rvm/rubies/ruby-1.8.7-p249/lib/ruby/1.8/webrick/server.rb:95:in `start'
    /home/chandni/.rvm/rubies/ruby-1.8.7-p249/lib/ruby/1.8/webrick/server.rb:92:in `each'
    /home/chandni/.rvm/rubies/ruby-1.8.7-p249/lib/ruby/1.8/webrick/server.rb:92:in `start'
    /home/chandni/.rvm/rubies/ruby-1.8.7-p249/lib/ruby/1.8/webrick/server.rb:23:in `start'
    /home/chandni/.rvm/rubies/ruby-1.8.7-p249/lib/ruby/1.8/webrick/server.rb:82:in `start'

Rendered rescues/_trace (46.1ms)
Rendered rescues/_request_and_response (1.2ms)
Rendering rescues/layout (internal_server_error)
  [4;35;1mSQL (0.1ms)[0m   [0mSET NAMES 'utf8'[0m
  [4;36;1mSQL (0.5ms)[0m   [0;1mSET SQL_AUTO_IS_NULL=0[0m


Processing ApplicationController#index (for 127.0.0.1 at 2010-03-31 17:14:24) [GET]

ActionController::RoutingError (No route matches "/chat" with {:method=>:get}):
  /home/chandni/.rvm/rubies/ruby-1.8.7-p249/lib/ruby/1.8/webrick/httpserver.rb:104:in `service'
  /home/chandni/.rvm/rubies/ruby-1.8.7-p249/lib/ruby/1.8/webrick/httpserver.rb:65:in `run'
  /home/chandni/.rvm/rubies/ruby-1.8.7-p249/lib/ruby/1.8/webrick/server.rb:173:in `start_thread'
  /home/chandni/.rvm/rubies/ruby-1.8.7-p249/lib/ruby/1.8/webrick/server.rb:162:in `start'
  /home/chandni/.rvm/rubies/ruby-1.8.7-p249/lib/ruby/1.8/webrick/server.rb:162:in `start_thread'
  /home/chandni/.rvm/rubies/ruby-1.8.7-p249/lib/ruby/1.8/webrick/server.rb:95:in `start'
  /home/chandni/.rvm/rubies/ruby-1.8.7-p249/lib/ruby/1.8/webrick/server.rb:92:in `each'
  /home/chandni/.rvm/rubies/ruby-1.8.7-p249/lib/ruby/1.8/webrick/server.rb:92:in `start'
  /home/chandni/.rvm/rubies/ruby-1.8.7-p249/lib/ruby/1.8/webrick/server.rb:23:in `start'
  /home/chandni/.rvm/rubies/ruby-1.8.7-p249/lib/ruby/1.8/webrick/server.rb:82:in `start'

Rendering rescues/layout (not_found)
  [4;35;1mSQL (0.1ms)[0m   [0mSET NAMES 'utf8'[0m
  [4;36;1mSQL (0.1ms)[0m   [0;1mSET SQL_AUTO_IS_NULL=0[0m


Processing ChatsController#index (for 127.0.0.1 at 2010-03-31 17:14:35) [GET]
  Parameters: {"action"=>"index", "controller"=>"chats"}
  [4;35;1mChat Load (1.1ms)[0m   [0mSELECT * FROM `chats` [0m
Rendering template within layouts/chats
Rendering chats/index
  [4;36;1mChat Columns (0.7ms)[0m   [0;1mSHOW FIELDS FROM `chats`[0m
Completed in 24ms (View: 17, DB: 2) | 200 OK [http://localhost/chats]
  [4;35;1mSQL (0.1ms)[0m   [0mSET NAMES 'utf8'[0m
  [4;36;1mSQL (0.1ms)[0m   [0;1mSET SQL_AUTO_IS_NULL=0[0m


Processing ApplicationController#index (for 127.0.0.1 at 2010-03-31 17:14:45) [GET]

ActionController::RoutingError (No route matches "/cusers" with {:method=>:get}):
  /home/chandni/.rvm/rubies/ruby-1.8.7-p249/lib/ruby/1.8/webrick/httpserver.rb:104:in `service'
  /home/chandni/.rvm/rubies/ruby-1.8.7-p249/lib/ruby/1.8/webrick/httpserver.rb:65:in `run'
  /home/chandni/.rvm/rubies/ruby-1.8.7-p249/lib/ruby/1.8/webrick/server.rb:173:in `start_thread'
  /home/chandni/.rvm/rubies/ruby-1.8.7-p249/lib/ruby/1.8/webrick/server.rb:162:in `start'
  /home/chandni/.rvm/rubies/ruby-1.8.7-p249/lib/ruby/1.8/webrick/server.rb:162:in `start_thread'
  /home/chandni/.rvm/rubies/ruby-1.8.7-p249/lib/ruby/1.8/webrick/server.rb:95:in `start'
  /home/chandni/.rvm/rubies/ruby-1.8.7-p249/lib/ruby/1.8/webrick/server.rb:92:in `each'
  /home/chandni/.rvm/rubies/ruby-1.8.7-p249/lib/ruby/1.8/webrick/server.rb:92:in `start'
  /home/chandni/.rvm/rubies/ruby-1.8.7-p249/lib/ruby/1.8/webrick/server.rb:23:in `start'
  /home/chandni/.rvm/rubies/ruby-1.8.7-p249/lib/ruby/1.8/webrick/server.rb:82:in `start'

Rendering rescues/layout (not_found)
  [4;35;1mSQL (0.1ms)[0m   [0mSET NAMES 'utf8'[0m
  [4;36;1mSQL (0.1ms)[0m   [0;1mSET SQL_AUTO_IS_NULL=0[0m


Processing UsersController#index (for 127.0.0.1 at 2010-03-31 17:14:49) [GET]
  Parameters: {"action"=>"index", "controller"=>"users"}

ActionController::UnknownAction (No action responded to index. Actions: create, edit, new, show, and update):
  /home/chandni/.rvm/rubies/ruby-1.8.7-p249/lib/ruby/1.8/webrick/httpserver.rb:104:in `service'
  /home/chandni/.rvm/rubies/ruby-1.8.7-p249/lib/ruby/1.8/webrick/httpserver.rb:65:in `run'
  /home/chandni/.rvm/rubies/ruby-1.8.7-p249/lib/ruby/1.8/webrick/server.rb:173:in `start_thread'
  /home/chandni/.rvm/rubies/ruby-1.8.7-p249/lib/ruby/1.8/webrick/server.rb:162:in `start'
  /home/chandni/.rvm/rubies/ruby-1.8.7-p249/lib/ruby/1.8/webrick/server.rb:162:in `start_thread'
  /home/chandni/.rvm/rubies/ruby-1.8.7-p249/lib/ruby/1.8/webrick/server.rb:95:in `start'
  /home/chandni/.rvm/rubies/ruby-1.8.7-p249/lib/ruby/1.8/webrick/server.rb:92:in `each'
  /home/chandni/.rvm/rubies/ruby-1.8.7-p249/lib/ruby/1.8/webrick/server.rb:92:in `start'
  /home/chandni/.rvm/rubies/ruby-1.8.7-p249/lib/ruby/1.8/webrick/server.rb:23:in `start'
  /home/chandni/.rvm/rubies/ruby-1.8.7-p249/lib/ruby/1.8/webrick/server.rb:82:in `start'

Rendering rescues/layout (not_found)
  [4;36;1mSQL (0.1ms)[0m   [0;1mSET NAMES 'utf8'[0m
  [4;35;1mSQL (0.1ms)[0m   [0mSET SQL_AUTO_IS_NULL=0[0m
  [4;36;1mSQL (37.2ms)[0m   [0;1mSHOW TABLES[0m
  [4;35;1mSQL (0.5ms)[0m   [0mSELECT version FROM schema_migrations[0m
Migrating to CreateUsers (20100331170715)
  [4;36;1mSQL (15.4ms)[0m   [0;1mCREATE TABLE `users` (`id` int(11) DEFAULT NULL auto_increment PRIMARY KEY, `login` varchar(255) NOT NULL, `email` varchar(255) NOT NULL, `crypted_password` varchar(255) NOT NULL, `password_salt` varchar(255) NOT NULL, `persistence_token` varchar(255) NOT NULL, `single_access_token` varchar(255) NOT NULL, `perishable_token` varchar(255) NOT NULL, `login_count` int(11) DEFAULT 0 NOT NULL, `failed_login_count` int(11) DEFAULT 0 NOT NULL, `last_request_at` datetime, `current_login_at` datetime, `last_login_at` datetime, `current_login_ip` varchar(255), `last_login_ip` varchar(255), `created_at` datetime, `updated_at` datetime) ENGINE=InnoDB[0m
  [4;35;1mSQL (1.7ms)[0m   [0mINSERT INTO schema_migrations (version) VALUES ('20100331170715')[0m
Migrating to CreateChats (20100331211305)
  [4;36;1mSQL (0.0ms)[0m   [0;1mMysql::Error: Table 'chats' already exists: CREATE TABLE `chats` (`id` int(11) DEFAULT NULL auto_increment PRIMARY KEY, `message` varchar(255), `user_id` int(11), `created_at` datetime, `updated_at` datetime) ENGINE=InnoDB[0m
  [4;35;1mSQL (0.1ms)[0m   [0mSET NAMES 'utf8'[0m
  [4;36;1mSQL (0.1ms)[0m   [0;1mSET SQL_AUTO_IS_NULL=0[0m


Processing UserSessionsController#new (for 127.0.0.1 at 2010-03-31 17:16:09) [GET]
  Parameters: {"action"=>"new", "controller"=>"user_sessions"}
  [4;35;1mUser Columns (1.2ms)[0m   [0mSHOW FIELDS FROM `users`[0m
Rendering user_sessions/new
Completed in 19ms (View: 3, DB: 1) | 200 OK [http://localhost/]
  [4;36;1mSQL (0.1ms)[0m   [0;1mSET NAMES 'utf8'[0m
  [4;35;1mSQL (0.1ms)[0m   [0mSET SQL_AUTO_IS_NULL=0[0m


Processing UsersController#new (for 127.0.0.1 at 2010-03-31 17:16:25) [GET]
  Parameters: {"action"=>"new", "controller"=>"users"}
  [4;36;1mUser Columns (1.0ms)[0m   [0;1mSHOW FIELDS FROM `users`[0m
Rendering users/new
Rendered users/_form (2.1ms)
Completed in 21ms (View: 11, DB: 1) | 200 OK [http://localhost/account/new]
  [4;35;1mSQL (3.4ms)[0m   [0mSET NAMES 'utf8'[0m
  [4;36;1mSQL (0.2ms)[0m   [0;1mSET SQL_AUTO_IS_NULL=0[0m


Processing UsersController#create (for 127.0.0.1 at 2010-03-31 17:16:55) [POST]
  Parameters: {"commit"=>"Register", "action"=>"create", "authenticity_token"=>"kuiltWwJSgjwDVnBVtLgs2pBHw6eh0soHN8ocMf0bqY=", "controller"=>"users", "user"=>{"password_confirmation"=>"[FILTERED]", "password"=>"[FILTERED]", "login"=>"cxb1863", "email"=>"cxb1863@rit.edu"}}
  [4;35;1mUser Columns (5.9ms)[0m   [0mSHOW FIELDS FROM `users`[0m
  [4;36;1mSQL (0.1ms)[0m   [0;1mBEGIN[0m
  [4;35;1mUser Load (0.5ms)[0m   [0mSELECT `users`.id FROM `users` WHERE (LOWER(`users`.`email`) = BINARY 'cxb1863@rit.edu') LIMIT 1[0m
  [4;36;1mUser Load (0.1ms)[0m   [0;1mSELECT `users`.id FROM `users` WHERE (LOWER(`users`.`login`) = BINARY 'cxb1863') LIMIT 1[0m
  [4;35;1mUser Load (0.2ms)[0m   [0mSELECT `users`.id FROM `users` WHERE (`users`.`persistence_token` = BINARY 'eb36917814bdc88aa94a69b6b5a20afcf5d552bdea48608c6007254c0f0419c0ca13be7478aaa56fc1468c9ec333156c66c95ff5bdc3c247f628a959cccf4b35') LIMIT 1[0m
  [4;36;1mUser Load (0.2ms)[0m   [0;1mSELECT `users`.id FROM `users` WHERE (`users`.`single_access_token` = BINARY '5nPd2pdvhQPKKC_C08qm') LIMIT 1[0m
  [4;35;1mUser Create (0.3ms)[0m   [0mINSERT INTO `users` (`single_access_token`, `last_request_at`, `created_at`, `crypted_password`, `perishable_token`, `updated_at`, `failed_login_count`, `current_login_ip`, `password_salt`, `current_login_at`, `persistence_token`, `login_count`, `last_login_ip`, `login`, `last_login_at`, `email`) VALUES('5nPd2pdvhQPKKC_C08qm', '2010-03-31 21:16:56', '2010-03-31 21:16:56', 'dc84a715877062bcf1f2eb21ca74dea9dfc241a188ce740feccf6731cfae1e1729cacc4e908e6ac85ce4691001e9096dc5afa0865bcaf334484bdba42fbf6ae2', 'nF1RsGTrtDrWdQgIM_pY', '2010-03-31 21:16:56', 0, '127.0.0.1', '7VcJMCrdNqSVWm0V_gWy', '2010-03-31 21:16:56', 'eb36917814bdc88aa94a69b6b5a20afcf5d552bdea48608c6007254c0f0419c0ca13be7478aaa56fc1468c9ec333156c66c95ff5bdc3c247f628a959cccf4b35', 1, NULL, 'cxb1863', NULL, 'cxb1863@rit.edu')[0m
  [4;36;1mSQL (1.3ms)[0m   [0;1mCOMMIT[0m
Redirected to http://localhost:3000/account
Completed in 264ms (DB: 12) | 302 Found [http://localhost/account]
  [4;35;1mSQL (0.1ms)[0m   [0mSET NAMES 'utf8'[0m
  [4;36;1mSQL (0.1ms)[0m   [0;1mSET SQL_AUTO_IS_NULL=0[0m


Processing UsersController#show (for 127.0.0.1 at 2010-03-31 17:16:56) [GET]
  Parameters: {"action"=>"show", "controller"=>"users"}
  [4;35;1mUser Columns (1.3ms)[0m   [0mSHOW FIELDS FROM `users`[0m
  [4;36;1mUser Load (0.4ms)[0m   [0;1mSELECT * FROM `users` WHERE (`users`.`persistence_token` = 'eb36917814bdc88aa94a69b6b5a20afcf5d552bdea48608c6007254c0f0419c0ca13be7478aaa56fc1468c9ec333156c66c95ff5bdc3c247f628a959cccf4b35') LIMIT 1[0m
  [4;35;1mSQL (0.1ms)[0m   [0mBEGIN[0m
  [4;36;1mUser Update (0.4ms)[0m   [0;1mUPDATE `users` SET `updated_at` = '2010-03-31 21:16:56', `perishable_token` = 'MmMBrQk9doWarnaprlKk', `last_request_at` = '2010-03-31 21:16:56' WHERE `id` = 1[0m
  [4;35;1mSQL (1.1ms)[0m   [0mCOMMIT[0m
Rendering users/show
Completed in 29ms (View: 5, DB: 3) | 200 OK [http://localhost/account]
  [4;36;1mSQL (0.2ms)[0m   [0;1mSET NAMES 'utf8'[0m
  [4;35;1mSQL (0.8ms)[0m   [0mSET SQL_AUTO_IS_NULL=0[0m


Processing UsersController#edit (for 127.0.0.1 at 2010-03-31 17:17:03) [GET]
  Parameters: {"action"=>"edit", "controller"=>"users"}
  [4;36;1mUser Columns (0.9ms)[0m   [0;1mSHOW FIELDS FROM `users`[0m
  [4;35;1mUser Load (2.3ms)[0m   [0mSELECT * FROM `users` WHERE (`users`.`persistence_token` = 'eb36917814bdc88aa94a69b6b5a20afcf5d552bdea48608c6007254c0f0419c0ca13be7478aaa56fc1468c9ec333156c66c95ff5bdc3c247f628a959cccf4b35') LIMIT 1[0m
  [4;36;1mSQL (0.1ms)[0m   [0;1mBEGIN[0m
  [4;35;1mUser Update (0.3ms)[0m   [0mUPDATE `users` SET `updated_at` = '2010-03-31 21:17:03', `perishable_token` = 'Nf7LwkIdZSIyX7_zXX_S', `last_request_at` = '2010-03-31 21:17:03' WHERE `id` = 1[0m
  [4;36;1mSQL (0.8ms)[0m   [0;1mCOMMIT[0m
Rendering users/edit
Rendered users/_form (1.6ms)
Completed in 96ms (View: 7, DB: 5) | 200 OK [http://localhost/account/edit]
  [4;35;1mSQL (0.2ms)[0m   [0mSET NAMES 'utf8'[0m
  [4;36;1mSQL (0.1ms)[0m   [0;1mSET SQL_AUTO_IS_NULL=0[0m


Processing UsersController#show (for 127.0.0.1 at 2010-03-31 17:17:09) [GET]
  Parameters: {"action"=>"show", "controller"=>"users"}
  [4;35;1mUser Columns (0.9ms)[0m   [0mSHOW FIELDS FROM `users`[0m
  [4;36;1mUser Load (0.4ms)[0m   [0;1mSELECT * FROM `users` WHERE (`users`.`persistence_token` = 'eb36917814bdc88aa94a69b6b5a20afcf5d552bdea48608c6007254c0f0419c0ca13be7478aaa56fc1468c9ec333156c66c95ff5bdc3c247f628a959cccf4b35') LIMIT 1[0m
  [4;35;1mSQL (0.1ms)[0m   [0mBEGIN[0m
  [4;36;1mUser Update (0.6ms)[0m   [0;1mUPDATE `users` SET `updated_at` = '2010-03-31 21:17:09', `perishable_token` = 'gErq11EeBftLm9zwCFPQ', `last_request_at` = '2010-03-31 21:17:09' WHERE `id` = 1[0m
  [4;35;1mSQL (1.8ms)[0m   [0mCOMMIT[0m
Rendering users/show
Completed in 21ms (View: 1, DB: 4) | 200 OK [http://localhost/account]
  [4;36;1mSQL (0.1ms)[0m   [0;1mSET NAMES 'utf8'[0m
  [4;35;1mSQL (0.1ms)[0m   [0mSET SQL_AUTO_IS_NULL=0[0m


Processing UsersController#edit (for 127.0.0.1 at 2010-03-31 17:17:14) [GET]
  Parameters: {"action"=>"edit", "controller"=>"users"}
  [4;36;1mUser Columns (0.9ms)[0m   [0;1mSHOW FIELDS FROM `users`[0m
  [4;35;1mUser Load (0.7ms)[0m   [0mSELECT * FROM `users` WHERE (`users`.`persistence_token` = 'eb36917814bdc88aa94a69b6b5a20afcf5d552bdea48608c6007254c0f0419c0ca13be7478aaa56fc1468c9ec333156c66c95ff5bdc3c247f628a959cccf4b35') LIMIT 1[0m
  [4;36;1mSQL (0.7ms)[0m   [0;1mBEGIN[0m
  [4;35;1mUser Update (0.4ms)[0m   [0mUPDATE `users` SET `updated_at` = '2010-03-31 21:17:14', `perishable_token` = 'oCI810c19kGzFgXV4XKE', `last_request_at` = '2010-03-31 21:17:14' WHERE `id` = 1[0m
  [4;36;1mSQL (1.0ms)[0m   [0;1mCOMMIT[0m
Rendering users/edit
Rendered users/_form (1.5ms)
Completed in 22ms (View: 3, DB: 4) | 200 OK [http://localhost/account/edit]
  [4;35;1mSQL (0.2ms)[0m   [0mSET NAMES 'utf8'[0m
  [4;36;1mSQL (0.1ms)[0m   [0;1mSET SQL_AUTO_IS_NULL=0[0m


Processing UsersController#show (for 127.0.0.1 at 2010-03-31 17:17:21) [GET]
  Parameters: {"action"=>"show", "controller"=>"users"}
  [4;35;1mUser Columns (1.0ms)[0m   [0mSHOW FIELDS FROM `users`[0m
  [4;36;1mUser Load (0.3ms)[0m   [0;1mSELECT * FROM `users` WHERE (`users`.`persistence_token` = 'eb36917814bdc88aa94a69b6b5a20afcf5d552bdea48608c6007254c0f0419c0ca13be7478aaa56fc1468c9ec333156c66c95ff5bdc3c247f628a959cccf4b35') LIMIT 1[0m
  [4;35;1mSQL (0.1ms)[0m   [0mBEGIN[0m
  [4;36;1mUser Update (0.2ms)[0m   [0;1mUPDATE `users` SET `updated_at` = '2010-03-31 21:17:21', `perishable_token` = 'i-gzRhtvY7ZPHkkhcOiY', `last_request_at` = '2010-03-31 21:17:21' WHERE `id` = 1[0m
  [4;35;1mSQL (0.8ms)[0m   [0mCOMMIT[0m
Rendering users/show
Completed in 19ms (View: 1, DB: 3) | 200 OK [http://localhost/account]
  [4;36;1mSQL (0.1ms)[0m   [0;1mSET NAMES 'utf8'[0m
  [4;35;1mSQL (0.1ms)[0m   [0mSET SQL_AUTO_IS_NULL=0[0m


Processing UserSessionsController#new (for 127.0.0.1 at 2010-03-31 17:17:34) [GET]
  Parameters: {"action"=>"new", "controller"=>"user_sessions"}
  [4;36;1mUser Columns (2.6ms)[0m   [0;1mSHOW FIELDS FROM `users`[0m
  [4;35;1mUser Load (0.7ms)[0m   [0mSELECT * FROM `users` WHERE (`users`.`persistence_token` = 'eb36917814bdc88aa94a69b6b5a20afcf5d552bdea48608c6007254c0f0419c0ca13be7478aaa56fc1468c9ec333156c66c95ff5bdc3c247f628a959cccf4b35') LIMIT 1[0m
  [4;36;1mSQL (0.2ms)[0m   [0;1mBEGIN[0m
  [4;35;1mUser Update (0.2ms)[0m   [0mUPDATE `users` SET `updated_at` = '2010-03-31 21:17:34', `perishable_token` = 'rlByRAE6AkOOk-o6-ZEP', `last_request_at` = '2010-03-31 21:17:34' WHERE `id` = 1[0m
  [4;36;1mSQL (0.9ms)[0m   [0;1mCOMMIT[0m
Redirected to http://localhost:3000/account
Filter chain halted as [:require_no_user] rendered_or_redirected.
Completed in 33ms (DB: 5) | 302 Found [http://localhost/]
  [4;35;1mSQL (0.1ms)[0m   [0mSET NAMES 'utf8'[0m
  [4;36;1mSQL (0.1ms)[0m   [0;1mSET SQL_AUTO_IS_NULL=0[0m


Processing UsersController#show (for 127.0.0.1 at 2010-03-31 17:17:34) [GET]
  Parameters: {"action"=>"show", "controller"=>"users"}
  [4;35;1mUser Columns (1.1ms)[0m   [0mSHOW FIELDS FROM `users`[0m
  [4;36;1mUser Load (0.4ms)[0m   [0;1mSELECT * FROM `users` WHERE (`users`.`persistence_token` = 'eb36917814bdc88aa94a69b6b5a20afcf5d552bdea48608c6007254c0f0419c0ca13be7478aaa56fc1468c9ec333156c66c95ff5bdc3c247f628a959cccf4b35') LIMIT 1[0m
  [4;35;1mSQL (8.5ms)[0m   [0mBEGIN[0m
  [4;36;1mUser Update (0.3ms)[0m   [0;1mUPDATE `users` SET `updated_at` = '2010-03-31 21:17:34', `perishable_token` = 'HxujCkMq1OWAcOVxKN8X', `last_request_at` = '2010-03-31 21:17:34' WHERE `id` = 1[0m
  [4;35;1mSQL (1.2ms)[0m   [0mCOMMIT[0m
Rendering users/show
Completed in 31ms (View: 1, DB: 12) | 200 OK [http://localhost/account]
  [4;36;1mSQL (0.1ms)[0m   [0;1mSET NAMES 'utf8'[0m
  [4;35;1mSQL (0.1ms)[0m   [0mSET SQL_AUTO_IS_NULL=0[0m


Processing UsersController#edit (for 127.0.0.1 at 2010-03-31 17:17:41) [GET]
  Parameters: {"action"=>"edit", "controller"=>"users"}
  [4;36;1mUser Columns (0.9ms)[0m   [0;1mSHOW FIELDS FROM `users`[0m
  [4;35;1mUser Load (0.3ms)[0m   [0mSELECT * FROM `users` WHERE (`users`.`persistence_token` = 'eb36917814bdc88aa94a69b6b5a20afcf5d552bdea48608c6007254c0f0419c0ca13be7478aaa56fc1468c9ec333156c66c95ff5bdc3c247f628a959cccf4b35') LIMIT 1[0m
  [4;36;1mSQL (0.2ms)[0m   [0;1mBEGIN[0m
  [4;35;1mUser Update (0.4ms)[0m   [0mUPDATE `users` SET `updated_at` = '2010-03-31 21:17:41', `perishable_token` = 'nGobzO9mNOC3G2kXSzo6', `last_request_at` = '2010-03-31 21:17:41' WHERE `id` = 1[0m
  [4;36;1mSQL (1.2ms)[0m   [0;1mCOMMIT[0m
Rendering users/edit
Rendered users/_form (1.8ms)
Completed in 22ms (View: 4, DB: 3) | 200 OK [http://localhost/account/edit]
  [4;35;1mSQL (0.1ms)[0m   [0mSET NAMES 'utf8'[0m
  [4;36;1mSQL (0.1ms)[0m   [0;1mSET SQL_AUTO_IS_NULL=0[0m


Processing UserSessionsController#new (for 127.0.0.1 at 2010-03-31 17:17:45) [GET]
  Parameters: {"action"=>"new", "controller"=>"user_sessions"}
  [4;35;1mUser Columns (1.1ms)[0m   [0mSHOW FIELDS FROM `users`[0m
  [4;36;1mUser Load (0.3ms)[0m   [0;1mSELECT * FROM `users` WHERE (`users`.`persistence_token` = 'eb36917814bdc88aa94a69b6b5a20afcf5d552bdea48608c6007254c0f0419c0ca13be7478aaa56fc1468c9ec333156c66c95ff5bdc3c247f628a959cccf4b35') LIMIT 1[0m
  [4;35;1mSQL (0.1ms)[0m   [0mBEGIN[0m
  [4;36;1mUser Update (0.3ms)[0m   [0;1mUPDATE `users` SET `updated_at` = '2010-03-31 21:17:46', `perishable_token` = 'yyqcZa5lAFyM0si7n4w1', `last_request_at` = '2010-03-31 21:17:46' WHERE `id` = 1[0m
  [4;35;1mSQL (1.0ms)[0m   [0mCOMMIT[0m
Redirected to http://localhost:3000/account
Filter chain halted as [:require_no_user] rendered_or_redirected.
Completed in 87ms (DB: 3) | 302 Found [http://localhost/]
  [4;36;1mSQL (0.1ms)[0m   [0;1mSET NAMES 'utf8'[0m
  [4;35;1mSQL (0.1ms)[0m   [0mSET SQL_AUTO_IS_NULL=0[0m


Processing UsersController#show (for 127.0.0.1 at 2010-03-31 17:17:46) [GET]
  Parameters: {"action"=>"show", "controller"=>"users"}
  [4;36;1mUser Columns (0.9ms)[0m   [0;1mSHOW FIELDS FROM `users`[0m
  [4;35;1mUser Load (0.4ms)[0m   [0mSELECT * FROM `users` WHERE (`users`.`persistence_token` = 'eb36917814bdc88aa94a69b6b5a20afcf5d552bdea48608c6007254c0f0419c0ca13be7478aaa56fc1468c9ec333156c66c95ff5bdc3c247f628a959cccf4b35') LIMIT 1[0m
  [4;36;1mSQL (0.1ms)[0m   [0;1mBEGIN[0m
  [4;35;1mUser Update (0.2ms)[0m   [0mUPDATE `users` SET `updated_at` = '2010-03-31 21:17:46', `perishable_token` = 'Mfl7SEVDXPaVuHTaVJTo', `last_request_at` = '2010-03-31 21:17:46' WHERE `id` = 1[0m
  [4;36;1mSQL (1.0ms)[0m   [0;1mCOMMIT[0m
Rendering users/show
Completed in 19ms (View: 1, DB: 3) | 200 OK [http://localhost/account]
  [4;35;1mSQL (0.2ms)[0m   [0mSET NAMES 'utf8'[0m
  [4;36;1mSQL (0.1ms)[0m   [0;1mSET SQL_AUTO_IS_NULL=0[0m


Processing UserSessionsController#new (for 127.0.0.1 at 2010-03-31 17:17:58) [GET]
  Parameters: {"action"=>"new", "controller"=>"user_sessions"}
  [4;35;1mUser Columns (1.3ms)[0m   [0mSHOW FIELDS FROM `users`[0m
  [4;36;1mUser Load (0.6ms)[0m   [0;1mSELECT * FROM `users` WHERE (`users`.`persistence_token` = 'eb36917814bdc88aa94a69b6b5a20afcf5d552bdea48608c6007254c0f0419c0ca13be7478aaa56fc1468c9ec333156c66c95ff5bdc3c247f628a959cccf4b35') LIMIT 1[0m
  [4;35;1mSQL (0.1ms)[0m   [0mBEGIN[0m
  [4;36;1mUser Update (0.3ms)[0m   [0;1mUPDATE `users` SET `updated_at` = '2010-03-31 21:17:58', `perishable_token` = 'WogXAPWdf3LtvJ9DTKD2', `last_request_at` = '2010-03-31 21:17:58' WHERE `id` = 1[0m
  [4;35;1mSQL (2.5ms)[0m   [0mCOMMIT[0m
Redirected to http://localhost:3000/account
Filter chain halted as [:require_no_user] rendered_or_redirected.
Completed in 21ms (DB: 5) | 302 Found [http://localhost/]
  [4;36;1mSQL (0.2ms)[0m   [0;1mSET NAMES 'utf8'[0m
  [4;35;1mSQL (0.1ms)[0m   [0mSET SQL_AUTO_IS_NULL=0[0m


Processing UsersController#show (for 127.0.0.1 at 2010-03-31 17:17:58) [GET]
  Parameters: {"action"=>"show", "controller"=>"users"}
  [4;36;1mUser Columns (1.0ms)[0m   [0;1mSHOW FIELDS FROM `users`[0m
  [4;35;1mUser Load (0.3ms)[0m   [0mSELECT * FROM `users` WHERE (`users`.`persistence_token` = 'eb36917814bdc88aa94a69b6b5a20afcf5d552bdea48608c6007254c0f0419c0ca13be7478aaa56fc1468c9ec333156c66c95ff5bdc3c247f628a959cccf4b35') LIMIT 1[0m
  [4;36;1mSQL (0.1ms)[0m   [0;1mBEGIN[0m
  [4;35;1mUser Update (0.3ms)[0m   [0mUPDATE `users` SET `updated_at` = '2010-03-31 21:17:58', `perishable_token` = 'vzjTJXM3ELP5nyRWKaXB', `last_request_at` = '2010-03-31 21:17:58' WHERE `id` = 1[0m
  [4;36;1mSQL (1.9ms)[0m   [0;1mCOMMIT[0m
Rendering users/show
Completed in 21ms (View: 1, DB: 4) | 200 OK [http://localhost/account]
  [4;35;1mSQL (0.1ms)[0m   [0mSET NAMES 'utf8'[0m
  [4;36;1mSQL (0.1ms)[0m   [0;1mSET SQL_AUTO_IS_NULL=0[0m


Processing UsersController#edit (for 127.0.0.1 at 2010-03-31 17:18:01) [GET]
  Parameters: {"action"=>"edit", "controller"=>"users"}
  [4;35;1mUser Columns (1.0ms)[0m   [0mSHOW FIELDS FROM `users`[0m
  [4;36;1mUser Load (0.3ms)[0m   [0;1mSELECT * FROM `users` WHERE (`users`.`persistence_token` = 'eb36917814bdc88aa94a69b6b5a20afcf5d552bdea48608c6007254c0f0419c0ca13be7478aaa56fc1468c9ec333156c66c95ff5bdc3c247f628a959cccf4b35') LIMIT 1[0m
  [4;35;1mSQL (0.1ms)[0m   [0mBEGIN[0m
  [4;36;1mUser Update (0.2ms)[0m   [0;1mUPDATE `users` SET `updated_at` = '2010-03-31 21:18:01', `perishable_token` = 'NIq9mjA6acIbZ8wDLK42', `last_request_at` = '2010-03-31 21:18:01' WHERE `id` = 1[0m
  [4;35;1mSQL (1.7ms)[0m   [0mCOMMIT[0m
Rendering users/edit
Rendered users/_form (1.7ms)
Completed in 97ms (View: 4, DB: 4) | 200 OK [http://localhost/account/edit]
  [4;36;1mSQL (0.1ms)[0m   [0;1mSET NAMES 'utf8'[0m
  [4;35;1mSQL (0.1ms)[0m   [0mSET SQL_AUTO_IS_NULL=0[0m


Processing ChatsController#index (for 127.0.0.1 at 2010-03-31 17:18:27) [GET]
  Parameters: {"action"=>"index", "controller"=>"chats"}
  [4;36;1mChat Load (0.2ms)[0m   [0;1mSELECT * FROM `chats` [0m
Rendering template within layouts/chats
Rendering chats/index
  [4;35;1mChat Columns (0.9ms)[0m   [0mSHOW FIELDS FROM `chats`[0m
Completed in 15ms (View: 8, DB: 1) | 200 OK [http://localhost/chats]
  [4;36;1mSQL (0.2ms)[0m   [0;1mSET NAMES 'utf8'[0m
  [4;35;1mSQL (0.1ms)[0m   [0mSET SQL_AUTO_IS_NULL=0[0m


Processing ChatsController#show (for 127.0.0.1 at 2010-03-31 17:18:33) [GET]
  Parameters: {"action"=>"show", "id"=>"1", "controller"=>"chats"}
  [4;36;1mChat Columns (0.6ms)[0m   [0;1mSHOW FIELDS FROM `chats`[0m
  [4;35;1mChat Load (1.5ms)[0m   [0mSELECT * FROM `chats` WHERE (`chats`.`id` = 1) [0m
Rendering template within layouts/chats
Rendering chats/show
Completed in 12ms (View: 5, DB: 2) | 200 OK [http://localhost/chats/1]
  [4;36;1mSQL (0.2ms)[0m   [0;1mSET NAMES 'utf8'[0m
  [4;35;1mSQL (0.1ms)[0m   [0mSET SQL_AUTO_IS_NULL=0[0m


Processing ChatsController#edit (for 127.0.0.1 at 2010-03-31 17:18:36) [GET]
  Parameters: {"action"=>"edit", "id"=>"1", "controller"=>"chats"}
  [4;36;1mChat Columns (0.6ms)[0m   [0;1mSHOW FIELDS FROM `chats`[0m
  [4;35;1mChat Load (0.1ms)[0m   [0mSELECT * FROM `chats` WHERE (`chats`.`id` = 1) [0m
Rendering template within layouts/chats
Rendering chats/edit
Completed in 14ms (View: 9, DB: 1) | 200 OK [http://localhost/chats/1/edit]
  [4;36;1mSQL (0.1ms)[0m   [0;1mSET NAMES 'utf8'[0m
  [4;35;1mSQL (0.1ms)[0m   [0mSET SQL_AUTO_IS_NULL=0[0m


Processing ChatsController#index (for 127.0.0.1 at 2010-03-31 17:18:37) [GET]
  Parameters: {"action"=>"index", "controller"=>"chats"}
  [4;36;1mChat Load (0.1ms)[0m   [0;1mSELECT * FROM `chats` [0m
Rendering template within layouts/chats
Rendering chats/index
  [4;35;1mChat Columns (1.1ms)[0m   [0mSHOW FIELDS FROM `chats`[0m
Completed in 11ms (View: 6, DB: 1) | 200 OK [http://localhost/chats]
  [4;36;1mSQL (0.1ms)[0m   [0;1mSET NAMES 'utf8'[0m
  [4;35;1mSQL (0.1ms)[0m   [0mSET SQL_AUTO_IS_NULL=0[0m


Processing ChatsController#new (for 127.0.0.1 at 2010-03-31 17:18:39) [GET]
  Parameters: {"action"=>"new", "controller"=>"chats"}
  [4;36;1mChat Columns (0.6ms)[0m   [0;1mSHOW FIELDS FROM `chats`[0m
Rendering template within layouts/chats
Rendering chats/new
Completed in 12ms (View: 7, DB: 1) | 200 OK [http://localhost/chats/new]
  [4;35;1mSQL (0.1ms)[0m   [0mSET NAMES 'utf8'[0m
  [4;36;1mSQL (0.2ms)[0m   [0;1mSET SQL_AUTO_IS_NULL=0[0m


Processing ChatsController#index (for 127.0.0.1 at 2010-03-31 17:18:41) [GET]
  Parameters: {"action"=>"index", "controller"=>"chats"}
  [4;35;1mChat Load (0.1ms)[0m   [0mSELECT * FROM `chats` [0m
Rendering template within layouts/chats
Rendering chats/index
  [4;36;1mChat Columns (0.6ms)[0m   [0;1mSHOW FIELDS FROM `chats`[0m
Completed in 11ms (View: 7, DB: 1) | 200 OK [http://localhost/chats]
  [4;35;1mSQL (0.1ms)[0m   [0mSET NAMES 'utf8'[0m
  [4;36;1mSQL (0.1ms)[0m   [0;1mSET SQL_AUTO_IS_NULL=0[0m


Processing ChatsController#new (for 127.0.0.1 at 2010-03-31 17:18:47) [GET]
  Parameters: {"action"=>"new", "controller"=>"chats"}
  [4;35;1mChat Columns (0.7ms)[0m   [0mSHOW FIELDS FROM `chats`[0m
Rendering template within layouts/chats
Rendering chats/new
Completed in 9ms (View: 4, DB: 1) | 200 OK [http://localhost/chats/new]
  [4;36;1mSQL (0.1ms)[0m   [0;1mSET NAMES 'utf8'[0m
  [4;35;1mSQL (0.1ms)[0m   [0mSET SQL_AUTO_IS_NULL=0[0m


Processing ChatsController#create (for 127.0.0.1 at 2010-03-31 17:18:56) [POST]
  Parameters: {"commit"=>"Create", "chat"=>{"user_id"=>"1", "message"=>"hi again"}, "action"=>"create", "authenticity_token"=>"kuiltWwJSgjwDVnBVtLgs2pBHw6eh0soHN8ocMf0bqY=", "controller"=>"chats"}
  [4;36;1mChat Columns (1.2ms)[0m   [0;1mSHOW FIELDS FROM `chats`[0m
  [4;35;1mSQL (0.1ms)[0m   [0mBEGIN[0m
  [4;36;1mChat Create (0.2ms)[0m   [0;1mINSERT INTO `chats` (`created_at`, `updated_at`, `user_id`, `message`) VALUES('2010-03-31 21:18:56', '2010-03-31 21:18:56', 1, 'hi again')[0m
  [4;35;1mSQL (1.3ms)[0m   [0mCOMMIT[0m
Redirected to http://localhost:3000/chats/3
Completed in 10ms (DB: 3) | 302 Found [http://localhost/chats]
  [4;36;1mSQL (0.1ms)[0m   [0;1mSET NAMES 'utf8'[0m
  [4;35;1mSQL (0.1ms)[0m   [0mSET SQL_AUTO_IS_NULL=0[0m


Processing ChatsController#show (for 127.0.0.1 at 2010-03-31 17:18:56) [GET]
  Parameters: {"action"=>"show", "id"=>"3", "controller"=>"chats"}
  [4;36;1mChat Columns (0.7ms)[0m   [0;1mSHOW FIELDS FROM `chats`[0m
  [4;35;1mChat Load (0.2ms)[0m   [0mSELECT * FROM `chats` WHERE (`chats`.`id` = 3) [0m
Rendering template within layouts/chats
Rendering chats/show
Completed in 9ms (View: 5, DB: 1) | 200 OK [http://localhost/chats/3]
  [4;36;1mSQL (0.1ms)[0m   [0;1mSET NAMES 'utf8'[0m
  [4;35;1mSQL (0.1ms)[0m   [0mSET SQL_AUTO_IS_NULL=0[0m


Processing ChatsController#index (for 127.0.0.1 at 2010-03-31 17:18:58) [GET]
  Parameters: {"action"=>"index", "controller"=>"chats"}
  [4;36;1mChat Load (0.3ms)[0m   [0;1mSELECT * FROM `chats` [0m
Rendering template within layouts/chats
Rendering chats/index
  [4;35;1mChat Columns (0.6ms)[0m   [0mSHOW FIELDS FROM `chats`[0m
Completed in 13ms (View: 8, DB: 1) | 200 OK [http://localhost/chats]
  [4;36;1mSQL (0.1ms)[0m   [0;1mSET NAMES 'utf8'[0m
  [4;35;1mSQL (0.1ms)[0m   [0mSET SQL_AUTO_IS_NULL=0[0m


Processing ChatsController#destroy (for 127.0.0.1 at 2010-03-31 17:19:08) [DELETE]
  Parameters: {"action"=>"destroy", "_method"=>"delete", "authenticity_token"=>"kuiltWwJSgjwDVnBVtLgs2pBHw6eh0soHN8ocMf0bqY=", "id"=>"1", "controller"=>"chats"}
  [4;36;1mChat Columns (0.6ms)[0m   [0;1mSHOW FIELDS FROM `chats`[0m
  [4;35;1mChat Load (0.2ms)[0m   [0mSELECT * FROM `chats` WHERE (`chats`.`id` = 1) [0m
  [4;36;1mSQL (0.0ms)[0m   [0;1mBEGIN[0m
  [4;35;1mChat Destroy (0.2ms)[0m   [0mDELETE FROM `chats` WHERE `id` = 1[0m
  [4;36;1mSQL (1.2ms)[0m   [0;1mCOMMIT[0m
Redirected to http://localhost:3000/chats
Completed in 8ms (DB: 3) | 302 Found [http://localhost/chats/1]
  [4;35;1mSQL (0.9ms)[0m   [0mSET NAMES 'utf8'[0m
  [4;36;1mSQL (0.1ms)[0m   [0;1mSET SQL_AUTO_IS_NULL=0[0m


Processing ChatsController#index (for 127.0.0.1 at 2010-03-31 17:19:08) [GET]
  Parameters: {"action"=>"index", "controller"=>"chats"}
  [4;35;1mChat Load (0.3ms)[0m   [0mSELECT * FROM `chats` [0m
Rendering template within layouts/chats
Rendering chats/index
  [4;36;1mChat Columns (0.7ms)[0m   [0;1mSHOW FIELDS FROM `chats`[0m
Completed in 14ms (View: 7, DB: 2) | 200 OK [http://localhost/chats]
  [4;35;1mSQL (0.6ms)[0m   [0mSET NAMES 'utf8'[0m
  [4;36;1mSQL (3.8ms)[0m   [0;1mSET SQL_AUTO_IS_NULL=0[0m


Processing ChatsController#destroy (for 127.0.0.1 at 2010-03-31 17:19:10) [DELETE]
  Parameters: {"action"=>"destroy", "_method"=>"delete", "authenticity_token"=>"kuiltWwJSgjwDVnBVtLgs2pBHw6eh0soHN8ocMf0bqY=", "id"=>"2", "controller"=>"chats"}
  [4;35;1mChat Columns (8.9ms)[0m   [0mSHOW FIELDS FROM `chats`[0m
  [4;36;1mChat Load (5.7ms)[0m   [0;1mSELECT * FROM `chats` WHERE (`chats`.`id` = 2) [0m
  [4;35;1mSQL (0.5ms)[0m   [0mBEGIN[0m
  [4;36;1mChat Destroy (0.4ms)[0m   [0;1mDELETE FROM `chats` WHERE `id` = 2[0m
  [4;35;1mSQL (3.7ms)[0m   [0mCOMMIT[0m
Redirected to http://localhost:3000/chats
Completed in 26ms (DB: 23) | 302 Found [http://localhost/chats/2]
  [4;36;1mSQL (0.1ms)[0m   [0;1mSET NAMES 'utf8'[0m
  [4;35;1mSQL (0.1ms)[0m   [0mSET SQL_AUTO_IS_NULL=0[0m


Processing ChatsController#index (for 127.0.0.1 at 2010-03-31 17:19:10) [GET]
  Parameters: {"action"=>"index", "controller"=>"chats"}
  [4;36;1mChat Load (0.3ms)[0m   [0;1mSELECT * FROM `chats` [0m
Rendering template within layouts/chats
Rendering chats/index
  [4;35;1mChat Columns (0.5ms)[0m   [0mSHOW FIELDS FROM `chats`[0m
Completed in 9ms (View: 5, DB: 1) | 200 OK [http://localhost/chats]
  [4;36;1mSQL (0.4ms)[0m   [0;1mSET NAMES 'utf8'[0m
  [4;35;1mSQL (0.1ms)[0m   [0mSET SQL_AUTO_IS_NULL=0[0m


Processing ChatsController#destroy (for 127.0.0.1 at 2010-03-31 17:19:13) [DELETE]
  Parameters: {"action"=>"destroy", "_method"=>"delete", "authenticity_token"=>"kuiltWwJSgjwDVnBVtLgs2pBHw6eh0soHN8ocMf0bqY=", "id"=>"3", "controller"=>"chats"}
  [4;36;1mChat Columns (2.3ms)[0m   [0;1mSHOW FIELDS FROM `chats`[0m
  [4;35;1mChat Load (0.7ms)[0m   [0mSELECT * FROM `chats` WHERE (`chats`.`id` = 3) [0m
  [4;36;1mSQL (0.3ms)[0m   [0;1mBEGIN[0m
  [4;35;1mChat Destroy (0.2ms)[0m   [0mDELETE FROM `chats` WHERE `id` = 3[0m
  [4;36;1mSQL (3.7ms)[0m   [0;1mCOMMIT[0m
Redirected to http://localhost:3000/chats
Completed in 13ms (DB: 8) | 302 Found [http://localhost/chats/3]
  [4;35;1mSQL (0.1ms)[0m   [0mSET NAMES 'utf8'[0m
  [4;36;1mSQL (0.1ms)[0m   [0;1mSET SQL_AUTO_IS_NULL=0[0m


Processing ChatsController#index (for 127.0.0.1 at 2010-03-31 17:19:13) [GET]
  Parameters: {"action"=>"index", "controller"=>"chats"}
  [4;35;1mChat Load (2.0ms)[0m   [0mSELECT * FROM `chats` [0m
Rendering template within layouts/chats
Rendering chats/index
Completed in 7ms (View: 1, DB: 2) | 200 OK [http://localhost/chats]
  [4;36;1mSQL (0.1ms)[0m   [0;1mSET NAMES 'utf8'[0m
  [4;35;1mSQL (0.1ms)[0m   [0mSET SQL_AUTO_IS_NULL=0[0m
  [4;36;1mSQL (0.3ms)[0m   [0;1mSHOW TABLES[0m
  [4;35;1mSQL (0.2ms)[0m   [0mSELECT version FROM schema_migrations[0m
Migrating to CreateUsers (20100331170715)
Migrating to CreateChats (20100331211305)
  [4;36;1mSQL (0.0ms)[0m   [0;1mMysql::Error: Table 'chats' already exists: CREATE TABLE `chats` (`id` int(11) DEFAULT NULL auto_increment PRIMARY KEY, `message` varchar(255), `user_id` int(11), `created_at` datetime, `updated_at` datetime) ENGINE=InnoDB[0m
  [4;36;1mSQL (0.2ms)[0m   [0;1mSET NAMES 'utf8'[0m
  [4;35;1mSQL (0.1ms)[0m   [0mSET SQL_AUTO_IS_NULL=0[0m
  [4;36;1mSQL (0.6ms)[0m   [0;1mSHOW TABLES[0m
  [4;36;1mSQL (0.1ms)[0m   [0;1mSET NAMES 'utf8'[0m
  [4;35;1mSQL (0.1ms)[0m   [0mSET SQL_AUTO_IS_NULL=0[0m
  [4;36;1mSQL (0.2ms)[0m   [0;1mSHOW TABLES[0m
  [4;35;1mSQL (0.1ms)[0m   [0mSELECT version FROM schema_migrations[0m
Migrating to CreateUsers (20100331170715)
Migrating to CreateChats (20100331211305)
  [4;36;1mSQL (2.9ms)[0m   [0;1mCREATE TABLE `chats` (`id` int(11) DEFAULT NULL auto_increment PRIMARY KEY, `message` varchar(255), `user_id` int(11), `created_at` datetime, `updated_at` datetime) ENGINE=InnoDB[0m
  [4;35;1mSQL (0.3ms)[0m   [0mINSERT INTO schema_migrations (version) VALUES ('20100331211305')[0m
Migrating to CreateComments (20100331212031)
  [4;36;1mSQL (2.3ms)[0m   [0;1mCREATE TABLE `comments` (`id` int(11) DEFAULT NULL auto_increment PRIMARY KEY, `message` varchar(255), `chat_id` int(11), `user_id` int(11), `created_at` datetime, `updated_at` datetime) ENGINE=InnoDB[0m
  [4;35;1mSQL (0.2ms)[0m   [0mINSERT INTO schema_migrations (version) VALUES ('20100331212031')[0m
  [4;36;1mSQL (0.3ms)[0m   [0;1mSHOW TABLES[0m
  [4;35;1mSQL (0.2ms)[0m   [0mSELECT version FROM schema_migrations[0m
  [4;36;1mSQL (0.2ms)[0m   [0;1mSHOW TABLES[0m
  [4;35;1mSQL (0.5ms)[0m   [0mSHOW FIELDS FROM `chats`[0m
  [4;36;1mSQL (0.4ms)[0m   [0;1mdescribe `chats`[0m
  [4;35;1mSQL (0.2ms)[0m   [0mSHOW KEYS FROM `chats`[0m
  [4;36;1mSQL (0.5ms)[0m   [0;1mSHOW FIELDS FROM `comments`[0m
  [4;35;1mSQL (0.4ms)[0m   [0mdescribe `comments`[0m
  [4;36;1mSQL (0.1ms)[0m   [0;1mSHOW KEYS FROM `comments`[0m
  [4;36;1mSQL (0.1ms)[0m   [0;1mSET NAMES 'utf8'[0m
  [4;35;1mSQL (0.1ms)[0m   [0mSET SQL_AUTO_IS_NULL=0[0m
  [4;36;1mSQL (0.2ms)[0m   [0;1mSHOW TABLES[0m
  [4;35;1mSQL (0.1ms)[0m   [0mSELECT version FROM schema_migrations[0m
Migrating to CreateUsers (20100331170715)
Migrating to CreateChats (20100331211305)
Migrating to CreateComments (20100331212031)
  [4;36;1mSQL (0.3ms)[0m   [0;1mSHOW TABLES[0m
  [4;35;1mSQL (0.1ms)[0m   [0mSELECT version FROM schema_migrations[0m
  [4;36;1mSQL (0.2ms)[0m   [0;1mSHOW TABLES[0m
  [4;35;1mSQL (0.5ms)[0m   [0mSHOW FIELDS FROM `chats`[0m
  [4;36;1mSQL (0.4ms)[0m   [0;1mdescribe `chats`[0m
  [4;35;1mSQL (0.2ms)[0m   [0mSHOW KEYS FROM `chats`[0m
  [4;36;1mSQL (0.4ms)[0m   [0;1mSHOW FIELDS FROM `comments`[0m
  [4;35;1mSQL (0.4ms)[0m   [0mdescribe `comments`[0m
  [4;36;1mSQL (0.1ms)[0m   [0;1mSHOW KEYS FROM `comments`[0m
  [4;36;1mSQL (0.1ms)[0m   [0;1mSET NAMES 'utf8'[0m
  [4;35;1mSQL (0.1ms)[0m   [0mSET SQL_AUTO_IS_NULL=0[0m
  [4;36;1mSQL (0.3ms)[0m   [0;1mSHOW TABLES[0m
  [4;35;1mSQL (0.1ms)[0m   [0mSELECT version FROM schema_migrations[0m
Migrating to CreateUsers (20100331170715)
Migrating to CreateChats (20100331211305)
Migrating to CreateComments (20100331212031)
  [4;36;1mSQL (0.3ms)[0m   [0;1mSHOW TABLES[0m
  [4;35;1mSQL (0.1ms)[0m   [0mSELECT version FROM schema_migrations[0m
  [4;36;1mSQL (0.2ms)[0m   [0;1mSHOW TABLES[0m
  [4;35;1mSQL (0.5ms)[0m   [0mSHOW FIELDS FROM `chats`[0m
  [4;36;1mSQL (0.5ms)[0m   [0;1mdescribe `chats`[0m
  [4;35;1mSQL (0.2ms)[0m   [0mSHOW KEYS FROM `chats`[0m
  [4;36;1mSQL (0.5ms)[0m   [0;1mSHOW FIELDS FROM `comments`[0m
  [4;35;1mSQL (0.5ms)[0m   [0mdescribe `comments`[0m
  [4;36;1mSQL (0.1ms)[0m   [0;1mSHOW KEYS FROM `comments`[0m
  [4;36;1mSQL (0.1ms)[0m   [0;1mSET NAMES 'utf8'[0m
  [4;35;1mSQL (0.1ms)[0m   [0mSET SQL_AUTO_IS_NULL=0[0m


Processing ChatsController#index (for 127.0.0.1 at 2010-03-31 17:33:24) [GET]
  Parameters: {"action"=>"index", "controller"=>"chats"}
  [4;36;1mChat Load (0.3ms)[0m   [0;1mSELECT * FROM `chats` [0m
Rendering template within layouts/chats
Rendering chats/index
Completed in 7ms (View: 3, DB: 0) | 200 OK [http://localhost/chats]
  [4;35;1mSQL (0.1ms)[0m   [0mSET NAMES 'utf8'[0m
  [4;36;1mSQL (0.1ms)[0m   [0;1mSET SQL_AUTO_IS_NULL=0[0m


Processing CommentsController#index (for 127.0.0.1 at 2010-03-31 17:33:28) [GET]
  Parameters: {"action"=>"index", "controller"=>"comments"}
  [4;35;1mComment Load (0.4ms)[0m   [0mSELECT * FROM `comments` [0m
Rendering template within layouts/comments
Rendering comments/index
Completed in 14ms (View: 9, DB: 1) | 200 OK [http://localhost/comments]
  [4;36;1mSQL (0.1ms)[0m   [0;1mSET NAMES 'utf8'[0m
  [4;35;1mSQL (0.1ms)[0m   [0mSET SQL_AUTO_IS_NULL=0[0m


Processing CommentsController#new (for 127.0.0.1 at 2010-03-31 17:33:33) [GET]
  Parameters: {"action"=>"new", "controller"=>"comments"}
  [4;36;1mComment Columns (0.6ms)[0m   [0;1mSHOW FIELDS FROM `comments`[0m
Rendering template within layouts/comments
Rendering comments/new
Completed in 11ms (View: 7, DB: 1) | 200 OK [http://localhost/comments/new]
  [4;36;1mSQL (0.1ms)[0m   [0;1mSET NAMES 'utf8'[0m
  [4;35;1mSQL (0.1ms)[0m   [0mSET SQL_AUTO_IS_NULL=0[0m
  [4;36;1mSQL (0.3ms)[0m   [0;1mSHOW TABLES[0m
  [4;35;1mSQL (0.1ms)[0m   [0mSELECT version FROM schema_migrations[0m
Migrating to CreateUsers (20100331170715)
Migrating to CreateChats (20100331211305)
Migrating to CreateComments (20100331212031)
  [4;36;1mSQL (1.4ms)[0m   [0;1mSHOW TABLES[0m
  [4;35;1mSQL (0.1ms)[0m   [0mSELECT version FROM schema_migrations[0m
  [4;36;1mSQL (0.2ms)[0m   [0;1mSHOW TABLES[0m
  [4;35;1mSQL (0.6ms)[0m   [0mSHOW FIELDS FROM `chats`[0m
  [4;36;1mSQL (0.6ms)[0m   [0;1mdescribe `chats`[0m
  [4;35;1mSQL (0.2ms)[0m   [0mSHOW KEYS FROM `chats`[0m
  [4;36;1mSQL (0.5ms)[0m   [0;1mSHOW FIELDS FROM `comments`[0m
  [4;35;1mSQL (0.5ms)[0m   [0mdescribe `comments`[0m
  [4;36;1mSQL (0.1ms)[0m   [0;1mSHOW KEYS FROM `comments`[0m
  [4;35;1mSQL (0.1ms)[0m   [0mSET NAMES 'utf8'[0m
  [4;36;1mSQL (0.1ms)[0m   [0;1mSET SQL_AUTO_IS_NULL=0[0m


Processing UserSessionsController#new (for 127.0.0.1 at 2010-03-31 17:36:58) [GET]
  Parameters: {"action"=>"new", "controller"=>"user_sessions"}
  [4;35;1mUser Columns (0.0ms)[0m   [0mMysql::Error: Table 'LinkIn_development.users' doesn't exist: SHOW FIELDS FROM `users`[0m
  [4;36;1mUser Columns (0.0ms)[0m   [0;1mMysql::Error: Table 'LinkIn_development.users' doesn't exist: SHOW FIELDS FROM `users`[0m
  [4;35;1mUser Columns (0.0ms)[0m   [0mMysql::Error: Table 'LinkIn_development.users' doesn't exist: SHOW FIELDS FROM `users`[0m
  [4;36;1mUser Columns (0.0ms)[0m   [0;1mMysql::Error: Table 'LinkIn_development.users' doesn't exist: SHOW FIELDS FROM `users`[0m
  [4;35;1mUser Columns (0.0ms)[0m   [0mMysql::Error: Table 'LinkIn_development.users' doesn't exist: SHOW FIELDS FROM `users`[0m
  [4;36;1mUser Columns (0.0ms)[0m   [0;1mMysql::Error: Table 'LinkIn_development.users' doesn't exist: SHOW FIELDS FROM `users`[0m
  [4;35;1mUser Columns (0.0ms)[0m   [0mMysql::Error: Table 'LinkIn_development.users' doesn't exist: SHOW FIELDS FROM `users`[0m
  [4;36;1mUser Columns (0.0ms)[0m   [0;1mMysql::Error: Table 'LinkIn_development.users' doesn't exist: SHOW FIELDS FROM `users`[0m
  [4;35;1mUser Columns (0.0ms)[0m   [0mMysql::Error: Table 'LinkIn_development.users' doesn't exist: SHOW FIELDS FROM `users`[0m
  [4;36;1mUser Columns (0.0ms)[0m   [0;1mMysql::Error: Table 'LinkIn_development.users' doesn't exist: SHOW FIELDS FROM `users`[0m

ActiveRecord::StatementInvalid (Mysql::Error: Table 'LinkIn_development.users' doesn't exist: SHOW FIELDS FROM `users`):
  authlogic (2.1.3) lib/authlogic/session/scopes.rb:95:in `send'
  authlogic (2.1.3) lib/authlogic/session/scopes.rb:95:in `search_for_record'
  authlogic (2.1.3) lib/authlogic/session/scopes.rb:94:in `send'
  authlogic (2.1.3) lib/authlogic/session/scopes.rb:94:in `search_for_record'
  authlogic (2.1.3) lib/authlogic/session/cookies.rb:108:in `persist_by_cookie'
  authlogic (2.1.3) lib/authlogic/session/callbacks.rb:79:in `persist'
  authlogic (2.1.3) lib/authlogic/session/persistence.rb:55:in `persisting?'
  authlogic (2.1.3) lib/authlogic/session/persistence.rb:39:in `find'
  app/controllers/application_controller.rb:15:in `current_user_session'
  app/controllers/application_controller.rb:20:in `current_user'
  app/controllers/application_controller.rb:33:in `require_no_user'
  /home/chandni/.rvm/rubies/ruby-1.8.7-p249/lib/ruby/1.8/webrick/httpserver.rb:104:in `service'
  /home/chandni/.rvm/rubies/ruby-1.8.7-p249/lib/ruby/1.8/webrick/httpserver.rb:65:in `run'
  /home/chandni/.rvm/rubies/ruby-1.8.7-p249/lib/ruby/1.8/webrick/server.rb:173:in `start_thread'
  /home/chandni/.rvm/rubies/ruby-1.8.7-p249/lib/ruby/1.8/webrick/server.rb:162:in `start'
  /home/chandni/.rvm/rubies/ruby-1.8.7-p249/lib/ruby/1.8/webrick/server.rb:162:in `start_thread'
  /home/chandni/.rvm/rubies/ruby-1.8.7-p249/lib/ruby/1.8/webrick/server.rb:95:in `start'
  /home/chandni/.rvm/rubies/ruby-1.8.7-p249/lib/ruby/1.8/webrick/server.rb:92:in `each'
  /home/chandni/.rvm/rubies/ruby-1.8.7-p249/lib/ruby/1.8/webrick/server.rb:92:in `start'
  /home/chandni/.rvm/rubies/ruby-1.8.7-p249/lib/ruby/1.8/webrick/server.rb:23:in `start'
  /home/chandni/.rvm/rubies/ruby-1.8.7-p249/lib/ruby/1.8/webrick/server.rb:82:in `start'

Rendered rescues/_trace (48.2ms)
Rendered rescues/_request_and_response (0.3ms)
Rendering rescues/layout (internal_server_error)
